Mon Jan 31 2022 20:11:33 GMT+0200 (Israel Standard Time): start running 1
Mon Jan 31 2022 20:14:46 GMT+0200 (Israel Standard Time): start running 2
Tue Feb 01 2022 06:45:43 GMT+0200 (Israel Standard Time): start running
Wed Feb 02 2022 06:45:53 GMT+0200 (Israel Standard Time): start running
Wed Feb 02 2022 06:45:53 GMT+0200 (Israel Standard Time): Fill parent details
Wed Feb 02 2022 06:45:53 GMT+0200 (Israel Standard Time): Fill kids details
Wed Feb 02 2022 06:45:53 GMT+0200 (Israel Standard Time): Solving Recaptchas
Wed Feb 02 2022 06:45:53 GMT+0200 (Israel Standard Time): Click send button
Wed Feb 02 2022 06:45:53 GMT+0200 (Israel Standard Time): Sending success mail
Wed Feb 02 2022 06:45:53 GMT+0200 (Israel Standard Time): Done
Thu Feb 03 2022 06:45:53 GMT+0200 (Israel Standard Time): start running
Fri Feb 04 2022 06:45:43 GMT+0200 (Israel Standard Time): start running
Sun Feb 06 2022 06:45:43 GMT+0200 (Israel Standard Time): start running
Sun Feb 06 2022 06:45:43 GMT+0200 (Israel Standard Time): Fill parent details
Sun Feb 06 2022 06:45:43 GMT+0200 (Israel Standard Time): Fill kids details
Sun Feb 06 2022 06:45:43 GMT+0200 (Israel Standard Time): Solving Recaptchas
Sun Feb 06 2022 06:45:43 GMT+0200 (Israel Standard Time): Click send button
Sun Feb 06 2022 06:45:43 GMT+0200 (Israel Standard Time): Sending success mail
Sun Feb 06 2022 06:45:43 GMT+0200 (Israel Standard Time): Done
Mon Feb 07 2022 06:45:42 GMT+0200 (Israel Standard Time): start running
Tue Feb 08 2022 06:45:44 GMT+0200 (Israel Standard Time): start running
